[0.292s] DEBUG:colcon:Command line arguments: ['/usr/bin/colcon', 'build']
[0.292s] DEBUG:colcon:Parsed command line arguments: Namespace(allow_overriding=[], ament_cmake_args=None, base_paths=['.'], build_base='build', catkin_cmake_args=None, catkin_skip_building_tests=False, cmake_args=None, cmake_clean_cache=False, cmake_clean_first=False, cmake_force_configure=False, cmake_target=None, cmake_target_skip_unavailable=False, continue_on_error=False, event_handlers=None, executor='parallel', ignore_user_meta=False, install_base='install', log_base=None, log_level=None, main=<bound method BuildVerb.main of <colcon_core.verb.build.BuildVerb object at 0x7f4f75cccd90>>, merge_install=False, metas=['./colcon.meta'], packages_above=None, packages_above_and_dependencies=None, packages_above_depth=None, packages_end=None, packages_ignore=None, packages_ignore_regex=None, packages_select=None, packages_select_build_failed=False, packages_select_by_dep=None, packages_select_regex=None, packages_select_test_failures=False, packages_skip=None, packages_skip_build_finished=False, packages_skip_by_dep=None, packages_skip_regex=None, packages_skip_test_passed=False, packages_skip_up_to=None, packages_start=None, packages_up_to=None, packages_up_to_regex=None, parallel_workers=16, paths=None, symlink_install=False, test_result_base=None, verb_extension=<colcon_core.verb.build.BuildVerb object at 0x7f4f75cccd90>, verb_name='build', verb_parser=<colcon_defaults.argument_parser.defaults.DefaultArgumentsDecorator object at 0x7f4f75b7c580>)
[0.341s] Level 1:colcon.colcon_core.package_discovery:discover_packages(colcon_meta) check parameters
[0.341s] Level 1:colcon.colcon_core.package_discovery:discover_packages(recursive) check parameters
[0.341s] Level 1:colcon.colcon_core.package_discovery:discover_packages(ignore) check parameters
[0.341s] Level 1:colcon.colcon_core.package_discovery:discover_packages(path) check parameters
[0.341s] Level 1:colcon.colcon_core.package_discovery:discover_packages(colcon_meta) discover
[0.341s] Level 1:colcon.colcon_core.package_discovery:discover_packages(recursive) discover
[0.341s] INFO:colcon.colcon_core.package_discovery:Crawling recursively for packages in '/home/pet/ROS2_study/urdf_study'
[0.341s] Level 1:colcon.colcon_core.package_identification:_identify(.) by extensions ['ignore', 'ignore_ament_install']
[0.341s] Level 1:colcon.colcon_core.package_identification:_identify(.) by extension 'ignore'
[0.341s] Level 1:colcon.colcon_core.package_identification:_identify(.) by extension 'ignore_ament_install'
[0.341s] Level 1:colcon.colcon_core.package_identification:_identify(.) by extensions ['colcon_pkg']
[0.341s] Level 1:colcon.colcon_core.package_identification:_identify(.) by extension 'colcon_pkg'
[0.341s] Level 1:colcon.colcon_core.package_identification:_identify(.) by extensions ['colcon_meta']
[0.341s] Level 1:colcon.colcon_core.package_identification:_identify(.) by extension 'colcon_meta'
[0.341s] Level 1:colcon.colcon_core.package_identification:_identify(.) by extensions ['ros']
[0.341s] Level 1:colcon.colcon_core.package_identification:_identify(.) by extension 'ros'
[0.352s] Level 1:colcon.colcon_core.package_identification:_identify(.) by extensions ['cmake', 'python']
[0.352s] Level 1:colcon.colcon_core.package_identification:_identify(.) by extension 'cmake'
[0.352s] Level 1:colcon.colcon_core.package_identification:_identify(.) by extension 'python'
[0.352s] Level 1:colcon.colcon_core.package_identification:_identify(.) by extensions ['python_setup_py']
[0.352s] Level 1:colcon.colcon_core.package_identification:_identify(.) by extension 'python_setup_py'
[0.352s] Level 1:colcon.colcon_core.package_identification:_identify(build) by extensions ['ignore', 'ignore_ament_install']
[0.352s] Level 1:colcon.colcon_core.package_identification:_identify(build) by extension 'ignore'
[0.352s] Level 1:colcon.colcon_core.package_identification:_identify(build) ignored
[0.352s] Level 1:colcon.colcon_core.package_identification:_identify(install) by extensions ['ignore', 'ignore_ament_install']
[0.352s] Level 1:colcon.colcon_core.package_identification:_identify(install) by extension 'ignore'
[0.352s] Level 1:colcon.colcon_core.package_identification:_identify(install) ignored
[0.352s] Level 1:colcon.colcon_core.package_identification:_identify(log) by extensions ['ignore', 'ignore_ament_install']
[0.352s] Level 1:colcon.colcon_core.package_identification:_identify(log) by extension 'ignore'
[0.352s] Level 1:colcon.colcon_core.package_identification:_identify(log) ignored
[0.353s] Level 1:colcon.colcon_core.package_identification:_identify(src) by extensions ['ignore', 'ignore_ament_install']
[0.353s] Level 1:colcon.colcon_core.package_identification:_identify(src) by extension 'ignore'
[0.353s] Level 1:colcon.colcon_core.package_identification:_identify(src) by extension 'ignore_ament_install'
[0.353s] Level 1:colcon.colcon_core.package_identification:_identify(src) by extensions ['colcon_pkg']
[0.353s] Level 1:colcon.colcon_core.package_identification:_identify(src) by extension 'colcon_pkg'
[0.353s] Level 1:colcon.colcon_core.package_identification:_identify(src) by extensions ['colcon_meta']
[0.353s] Level 1:colcon.colcon_core.package_identification:_identify(src) by extension 'colcon_meta'
[0.353s] Level 1:colcon.colcon_core.package_identification:_identify(src) by extensions ['ros']
[0.353s] Level 1:colcon.colcon_core.package_identification:_identify(src) by extension 'ros'
[0.353s] Level 1:colcon.colcon_core.package_identification:_identify(src) by extensions ['cmake', 'python']
[0.353s] Level 1:colcon.colcon_core.package_identification:_identify(src) by extension 'cmake'
[0.353s] Level 1:colcon.colcon_core.package_identification:_identify(src) by extension 'python'
[0.353s] Level 1:colcon.colcon_core.package_identification:_identify(src) by extensions ['python_setup_py']
[0.353s] Level 1:colcon.colcon_core.package_identification:_identify(src) by extension 'python_setup_py'
[0.353s] Level 1:colcon.colcon_core.package_identification:_identify(src/urdf_study) by extensions ['ignore', 'ignore_ament_install']
[0.353s] Level 1:colcon.colcon_core.package_identification:_identify(src/urdf_study) by extension 'ignore'
[0.353s] Level 1:colcon.colcon_core.package_identification:_identify(src/urdf_study) by extension 'ignore_ament_install'
[0.353s] Level 1:colcon.colcon_core.package_identification:_identify(src/urdf_study) by extensions ['colcon_pkg']
[0.353s] Level 1:colcon.colcon_core.package_identification:_identify(src/urdf_study) by extension 'colcon_pkg'
[0.353s] Level 1:colcon.colcon_core.package_identification:_identify(src/urdf_study) by extensions ['colcon_meta']
[0.353s] Level 1:colcon.colcon_core.package_identification:_identify(src/urdf_study) by extension 'colcon_meta'
[0.353s] Level 1:colcon.colcon_core.package_identification:_identify(src/urdf_study) by extensions ['ros']
[0.353s] Level 1:colcon.colcon_core.package_identification:_identify(src/urdf_study) by extension 'ros'
[0.355s] DEBUG:colcon.colcon_core.package_identification:Package 'src/urdf_study' with type 'ros.ament_cmake' and name 'urdf_study'
[0.355s] Level 1:colcon.colcon_core.package_discovery:discover_packages(recursive) using defaults
[0.355s] Level 1:colcon.colcon_core.package_discovery:discover_packages(ignore) discover
[0.355s] Level 1:colcon.colcon_core.package_discovery:discover_packages(ignore) using defaults
[0.355s] Level 1:colcon.colcon_core.package_discovery:discover_packages(path) discover
[0.355s] Level 1:colcon.colcon_core.package_discovery:discover_packages(path) using defaults
[0.375s] Level 1:colcon.colcon_core.package_discovery:discover_packages(prefix_path) check parameters
[0.375s] Level 1:colcon.colcon_core.package_discovery:discover_packages(prefix_path) discover
[0.378s] DEBUG:colcon.colcon_installed_package_information.package_discovery:Found 1 installed packages in /home/pet/ROS2_study/urdf_study/install
[0.379s] DEBUG:colcon.colcon_installed_package_information.package_discovery:Found 364 installed packages in /opt/ros/galactic
[0.381s] Level 1:colcon.colcon_core.package_discovery:discover_packages(prefix_path) using defaults
[0.453s] Level 5:colcon.colcon_core.verb:set package 'urdf_study' build argument 'cmake_args' from command line to 'None'
[0.453s] Level 5:colcon.colcon_core.verb:set package 'urdf_study' build argument 'cmake_target' from command line to 'None'
[0.453s] Level 5:colcon.colcon_core.verb:set package 'urdf_study' build argument 'cmake_target_skip_unavailable' from command line to 'False'
[0.453s] Level 5:colcon.colcon_core.verb:set package 'urdf_study' build argument 'cmake_clean_cache' from command line to 'False'
[0.453s] Level 5:colcon.colcon_core.verb:set package 'urdf_study' build argument 'cmake_clean_first' from command line to 'False'
[0.453s] Level 5:colcon.colcon_core.verb:set package 'urdf_study' build argument 'cmake_force_configure' from command line to 'False'
[0.453s] Level 5:colcon.colcon_core.verb:set package 'urdf_study' build argument 'ament_cmake_args' from command line to 'None'
[0.453s] Level 5:colcon.colcon_core.verb:set package 'urdf_study' build argument 'catkin_cmake_args' from command line to 'None'
[0.453s] Level 5:colcon.colcon_core.verb:set package 'urdf_study' build argument 'catkin_skip_building_tests' from command line to 'False'
[0.453s] DEBUG:colcon.colcon_core.verb:Building package 'urdf_study' with the following arguments: {'ament_cmake_args': None, 'build_base': '/home/pet/ROS2_study/urdf_study/build/urdf_study', 'catkin_cmake_args': None, 'catkin_skip_building_tests': False, 'cmake_args': None, 'cmake_clean_cache': False, 'cmake_clean_first': False, 'cmake_force_configure': False, 'cmake_target': None, 'cmake_target_skip_unavailable': False, 'install_base': '/home/pet/ROS2_study/urdf_study/install/urdf_study', 'merge_install': False, 'path': '/home/pet/ROS2_study/urdf_study/src/urdf_study', 'symlink_install': False, 'test_result_base': None}
[0.455s] INFO:colcon.colcon_core.executor:Executing jobs using 'parallel' executor
[0.459s] DEBUG:colcon.colcon_parallel_executor.executor.parallel:run_until_complete
[0.460s] INFO:colcon.colcon_ros.task.ament_cmake.build:Building ROS package in '/home/pet/ROS2_study/urdf_study/src/urdf_study' with build type 'ament_cmake'
[0.460s] INFO:colcon.colcon_cmake.task.cmake.build:Building CMake package in '/home/pet/ROS2_study/urdf_study/src/urdf_study'
[0.464s] INFO:colcon.colcon_core.plugin_system:Skipping extension 'colcon_core.shell.bat': Not used on non-Windows systems
[0.464s] INFO:colcon.colcon_core.shell:Skip shell extension 'powershell' for command environment: Not usable outside of PowerShell
[0.464s] DEBUG:colcon.colcon_core.shell:Skip shell extension 'dsv' for command environment
[0.473s] DEBUG:colcon.colcon_core.event_handler.log_command:Invoking command in '/home/pet/ROS2_study/urdf_study/build/urdf_study': CMAKE_PREFIX_PATH=${CMAKE_PREFIX_PATH}:/opt/ros/galactic /home/pet/.local/bin/cmake --build /home/pet/ROS2_study/urdf_study/build/urdf_study -- -j16 -l16
[0.540s] DEBUG:colcon.colcon_core.event_handler.log_command:Invoked command in '/home/pet/ROS2_study/urdf_study/build/urdf_study' returned '0': CMAKE_PREFIX_PATH=${CMAKE_PREFIX_PATH}:/opt/ros/galactic /home/pet/.local/bin/cmake --build /home/pet/ROS2_study/urdf_study/build/urdf_study -- -j16 -l16
[0.633s] DEBUG:colcon.colcon_core.event_handler.log_command:Invoking command in '/home/pet/ROS2_study/urdf_study/build/urdf_study': CMAKE_PREFIX_PATH=${CMAKE_PREFIX_PATH}:/opt/ros/galactic /home/pet/.local/bin/cmake --install /home/pet/ROS2_study/urdf_study/build/urdf_study
[0.693s] Level 1:colcon.colcon_core.environment:create_environment_scripts_only(urdf_study)
[0.695s] DEBUG:colcon.colcon_core.event_handler.log_command:Invoked command in '/home/pet/ROS2_study/urdf_study/build/urdf_study' returned '0': CMAKE_PREFIX_PATH=${CMAKE_PREFIX_PATH}:/opt/ros/galactic /home/pet/.local/bin/cmake --install /home/pet/ROS2_study/urdf_study/build/urdf_study
[0.705s] Level 1:colcon.colcon_core.environment:checking '/home/pet/ROS2_study/urdf_study/install/urdf_study' for CMake module files
[0.705s] Level 1:colcon.colcon_core.environment:checking '/home/pet/ROS2_study/urdf_study/install/urdf_study' for CMake config files
[0.705s] Level 1:colcon.colcon_core.shell:create_environment_hook('urdf_study', 'cmake_prefix_path')
[0.707s] INFO:colcon.colcon_core.shell:Creating environment hook '/home/pet/ROS2_study/urdf_study/install/urdf_study/share/urdf_study/hook/cmake_prefix_path.ps1'
[0.708s] INFO:colcon.colcon_core.shell:Creating environment descriptor '/home/pet/ROS2_study/urdf_study/install/urdf_study/share/urdf_study/hook/cmake_prefix_path.dsv'
[0.708s] INFO:colcon.colcon_core.shell:Creating environment hook '/home/pet/ROS2_study/urdf_study/install/urdf_study/share/urdf_study/hook/cmake_prefix_path.sh'
[0.709s] Level 1:colcon.colcon_core.environment:checking '/home/pet/ROS2_study/urdf_study/install/urdf_study/bin'
[0.709s] Level 1:colcon.colcon_core.environment:checking '/home/pet/ROS2_study/urdf_study/install/urdf_study/lib/pkgconfig/urdf_study.pc'
[0.709s] Level 1:colcon.colcon_core.environment:checking '/home/pet/ROS2_study/urdf_study/install/urdf_study/lib/python3.8/site-packages'
[0.709s] Level 1:colcon.colcon_core.environment:checking '/home/pet/ROS2_study/urdf_study/install/urdf_study/bin'
[0.711s] INFO:colcon.colcon_core.shell:Creating package script '/home/pet/ROS2_study/urdf_study/install/urdf_study/share/urdf_study/package.ps1'
[0.712s] INFO:colcon.colcon_core.shell:Creating package descriptor '/home/pet/ROS2_study/urdf_study/install/urdf_study/share/urdf_study/package.dsv'
[0.712s] INFO:colcon.colcon_core.shell:Creating package script '/home/pet/ROS2_study/urdf_study/install/urdf_study/share/urdf_study/package.sh'
[0.713s] INFO:colcon.colcon_core.shell:Creating package script '/home/pet/ROS2_study/urdf_study/install/urdf_study/share/urdf_study/package.bash'
[0.714s] INFO:colcon.colcon_core.shell:Creating package script '/home/pet/ROS2_study/urdf_study/install/urdf_study/share/urdf_study/package.zsh'
[0.714s] Level 1:colcon.colcon_core.environment:create_file_with_runtime_dependencies(/home/pet/ROS2_study/urdf_study/install/urdf_study/share/colcon-core/packages/urdf_study)
[0.777s] Level 1:colcon.colcon_core.environment:create_environment_scripts_only(urdf_study)
[0.784s] Level 1:colcon.colcon_core.environment:checking '/home/pet/ROS2_study/urdf_study/install/urdf_study' for CMake module files
[0.784s] Level 1:colcon.colcon_core.environment:checking '/home/pet/ROS2_study/urdf_study/install/urdf_study' for CMake config files
[0.784s] Level 1:colcon.colcon_core.shell:create_environment_hook('urdf_study', 'cmake_prefix_path')
[0.786s] INFO:colcon.colcon_core.shell:Creating environment hook '/home/pet/ROS2_study/urdf_study/install/urdf_study/share/urdf_study/hook/cmake_prefix_path.ps1'
[0.786s] INFO:colcon.colcon_core.shell:Creating environment descriptor '/home/pet/ROS2_study/urdf_study/install/urdf_study/share/urdf_study/hook/cmake_prefix_path.dsv'
[0.787s] INFO:colcon.colcon_core.shell:Creating environment hook '/home/pet/ROS2_study/urdf_study/install/urdf_study/share/urdf_study/hook/cmake_prefix_path.sh'
[0.787s] Level 1:colcon.colcon_core.environment:checking '/home/pet/ROS2_study/urdf_study/install/urdf_study/bin'
[0.787s] Level 1:colcon.colcon_core.environment:checking '/home/pet/ROS2_study/urdf_study/install/urdf_study/lib/pkgconfig/urdf_study.pc'
[0.787s] Level 1:colcon.colcon_core.environment:checking '/home/pet/ROS2_study/urdf_study/install/urdf_study/lib/python3.8/site-packages'
[0.787s] Level 1:colcon.colcon_core.environment:checking '/home/pet/ROS2_study/urdf_study/install/urdf_study/bin'
[0.789s] INFO:colcon.colcon_core.shell:Creating package script '/home/pet/ROS2_study/urdf_study/install/urdf_study/share/urdf_study/package.ps1'
[0.790s] INFO:colcon.colcon_core.shell:Creating package descriptor '/home/pet/ROS2_study/urdf_study/install/urdf_study/share/urdf_study/package.dsv'
[0.790s] INFO:colcon.colcon_core.shell:Creating package script '/home/pet/ROS2_study/urdf_study/install/urdf_study/share/urdf_study/package.sh'
[0.790s] INFO:colcon.colcon_core.shell:Creating package script '/home/pet/ROS2_study/urdf_study/install/urdf_study/share/urdf_study/package.bash'
[0.790s] INFO:colcon.colcon_core.shell:Creating package script '/home/pet/ROS2_study/urdf_study/install/urdf_study/share/urdf_study/package.zsh'
[0.791s] Level 1:colcon.colcon_core.environment:create_file_with_runtime_dependencies(/home/pet/ROS2_study/urdf_study/install/urdf_study/share/colcon-core/packages/urdf_study)
[0.791s] DEBUG:colcon.colcon_parallel_executor.executor.parallel:closing loop
[0.791s] DEBUG:colcon.colcon_parallel_executor.executor.parallel:loop closed
[0.791s] DEBUG:colcon.colcon_parallel_executor.executor.parallel:run_until_complete finished with '0'
[0.791s] DEBUG:colcon.colcon_core.event_reactor:joining thread
[0.799s] INFO:colcon.colcon_core.plugin_system:Skipping extension 'colcon_notification.desktop_notification.terminal_notifier': Not used on non-Darwin systems
[0.799s] INFO:colcon.colcon_core.plugin_system:Skipping extension 'colcon_notification.desktop_notification.win32': Not used on non-Windows systems
[0.799s] INFO:colcon.colcon_notification.desktop_notification:Sending desktop notification using 'notify2'
[0.824s] DEBUG:colcon.colcon_core.event_reactor:joined thread
[0.826s] INFO:colcon.colcon_core.shell:Creating prefix script '/home/pet/ROS2_study/urdf_study/install/local_setup.ps1'
[0.827s] INFO:colcon.colcon_core.shell:Creating prefix util module '/home/pet/ROS2_study/urdf_study/install/_local_setup_util_ps1.py'
[0.828s] INFO:colcon.colcon_core.shell:Creating prefix chain script '/home/pet/ROS2_study/urdf_study/install/setup.ps1'
[0.830s] INFO:colcon.colcon_core.shell:Creating prefix script '/home/pet/ROS2_study/urdf_study/install/local_setup.sh'
[0.831s] INFO:colcon.colcon_core.shell:Creating prefix util module '/home/pet/ROS2_study/urdf_study/install/_local_setup_util_sh.py'
[0.831s] INFO:colcon.colcon_core.shell:Creating prefix chain script '/home/pet/ROS2_study/urdf_study/install/setup.sh'
[0.833s] INFO:colcon.colcon_core.shell:Creating prefix script '/home/pet/ROS2_study/urdf_study/install/local_setup.bash'
[0.833s] INFO:colcon.colcon_core.shell:Creating prefix chain script '/home/pet/ROS2_study/urdf_study/install/setup.bash'
[0.834s] INFO:colcon.colcon_core.shell:Creating prefix script '/home/pet/ROS2_study/urdf_study/install/local_setup.zsh'
[0.835s] INFO:colcon.colcon_core.shell:Creating prefix chain script '/home/pet/ROS2_study/urdf_study/install/setup.zsh'
