[0.013s] Invoking command in '/home/pet/ROS2_study/urdf_study/build/urdf_study': CMAKE_PREFIX_PATH=${CMAKE_PREFIX_PATH}:/opt/ros/galactic /home/pet/.local/bin/cmake --build /home/pet/ROS2_study/urdf_study/build/urdf_study -- -j16 -l16
[0.061s] -- Found ament_cmake: 1.1.6 (/opt/ros/galactic/share/ament_cmake/cmake)
[0.062s] [33mCMake Warning (dev) at /opt/ros/galactic/share/ament_cmake_core/cmake/core/python.cmake:22 (find_package):
[0.062s]   Policy CMP0148 is not set: The FindPythonInterp and FindPythonLibs modules
[0.062s]   are removed.  Run "cmake --help-policy CMP0148" for policy details.  Use
[0.062s]   the cmake_policy command to set the policy and suppress this warning.
[0.062s] 
[0.062s] Call Stack (most recent call first):
[0.062s]   /opt/ros/galactic/share/ament_cmake_core/cmake/core/all.cmake:53 (include)
[0.062s]   /opt/ros/galactic/share/ament_cmake_core/cmake/ament_cmake_core-extras.cmake:17 (include)
[0.062s]   /opt/ros/galactic/share/ament_cmake_core/cmake/ament_cmake_coreConfig.cmake:41 (include)
[0.063s]   /opt/ros/galactic/share/ament_cmake/cmake/ament_cmake_export_dependencies-extras.cmake:15 (find_package)
[0.063s]   /opt/ros/galactic/share/ament_cmake/cmake/ament_cmakeConfig.cmake:41 (include)
[0.063s]   CMakeLists.txt:14 (find_package)
[0.063s] This warning is for project developers.  Use -Wno-dev to suppress it.
[0.063s] [0m
[0.080s] -- Using PYTHON_EXECUTABLE: /usr/bin/python3
[0.135s] -- Found ament_lint_auto: 0.10.7 (/opt/ros/galactic/share/ament_lint_auto/cmake)
[0.188s] -- Added test 'copyright' to check source files copyright and LICENSE
[0.189s] -- Added test 'flake8' to check Python code syntax and style conventions
[0.190s] -- Added test 'lint_cmake' to check CMake code style
[0.190s] -- Added test 'pep257' to check Python code against some of the style conventions in PEP 257
[0.190s] -- Added test 'xmllint' to check XML markup files
[0.191s] -- Configuring done (0.1s)
[0.193s] -- Generating done (0.0s)
[0.193s] -- Build files have been written to: /home/pet/ROS2_study/urdf_study/build/urdf_study
[0.211s] Invoked command in '/home/pet/ROS2_study/urdf_study/build/urdf_study' returned '0': CMAKE_PREFIX_PATH=${CMAKE_PREFIX_PATH}:/opt/ros/galactic /home/pet/.local/bin/cmake --build /home/pet/ROS2_study/urdf_study/build/urdf_study -- -j16 -l16
[0.309s] Invoking command in '/home/pet/ROS2_study/urdf_study/build/urdf_study': CMAKE_PREFIX_PATH=${CMAKE_PREFIX_PATH}:/opt/ros/galactic /home/pet/.local/bin/cmake --install /home/pet/ROS2_study/urdf_study/build/urdf_study
[0.340s] -- Install configuration: ""
[0.340s] -- Up-to-date: /home/pet/ROS2_study/urdf_study/install/urdf_study/share/urdf_study/launch
[0.340s] -- Up-to-date: /home/pet/ROS2_study/urdf_study/install/urdf_study/share/urdf_study/launch/simple_display.launch.py
[0.340s] -- Up-to-date: /home/pet/ROS2_study/urdf_study/install/urdf_study/share/urdf_study/urdf
[0.341s] -- Up-to-date: /home/pet/ROS2_study/urdf_study/install/urdf_study/share/urdf_study/urdf/myfirst.urdf
[0.341s] [31mCMake Error at cmake_install.cmake:46 (file):
[0.341s]   file INSTALL cannot find
[0.341s]   "/home/pet/ROS2_study/urdf_study/src/urdf_study/rviz": No such file or
[0.341s]   directory.
[0.341s] 
[0.341s] [0m
[0.346s] Invoked command in '/home/pet/ROS2_study/urdf_study/build/urdf_study' returned '1': CMAKE_PREFIX_PATH=${CMAKE_PREFIX_PATH}:/opt/ros/galactic /home/pet/.local/bin/cmake --install /home/pet/ROS2_study/urdf_study/build/urdf_study
