[0.207s] DEBUG:colcon:Command line arguments: ['/usr/bin/colcon', 'build']
[0.207s] DEBUG:colcon:Parsed command line arguments: Namespace(allow_overriding=[], ament_cmake_args=None, base_paths=['.'], build_base='build', catkin_cmake_args=None, catkin_skip_building_tests=False, cmake_args=None, cmake_clean_cache=False, cmake_clean_first=False, cmake_force_configure=False, cmake_target=None, cmake_target_skip_unavailable=False, continue_on_error=False, event_handlers=None, executor='parallel', ignore_user_meta=False, install_base='install', log_base=None, log_level=None, main=<bound method BuildVerb.main of <colcon_core.verb.build.BuildVerb object at 0x7f47ed0f8430>>, merge_install=False, metas=['./colcon.meta'], packages_above=None, packages_above_and_dependencies=None, packages_above_depth=None, packages_end=None, packages_ignore=None, packages_ignore_regex=None, packages_select=None, packages_select_build_failed=False, packages_select_by_dep=None, packages_select_regex=None, packages_select_test_failures=False, packages_skip=None, packages_skip_build_finished=False, packages_skip_by_dep=None, packages_skip_regex=None, packages_skip_test_passed=False, packages_skip_up_to=None, packages_start=None, packages_up_to=None, packages_up_to_regex=None, parallel_workers=16, paths=None, symlink_install=False, test_result_base=None, verb_extension=<colcon_core.verb.build.BuildVerb object at 0x7f47ed0f8430>, verb_name='build', verb_parser=<colcon_defaults.argument_parser.defaults.DefaultArgumentsDecorator object at 0x7f47ed0968b0>)
[0.234s] Level 1:colcon.colcon_core.package_discovery:discover_packages(colcon_meta) check parameters
[0.234s] Level 1:colcon.colcon_core.package_discovery:discover_packages(recursive) check parameters
[0.234s] Level 1:colcon.colcon_core.package_discovery:discover_packages(ignore) check parameters
[0.234s] Level 1:colcon.colcon_core.package_discovery:discover_packages(path) check parameters
[0.234s] Level 1:colcon.colcon_core.package_discovery:discover_packages(colcon_meta) discover
[0.234s] Level 1:colcon.colcon_core.package_discovery:discover_packages(recursive) discover
[0.234s] INFO:colcon.colcon_core.package_discovery:Crawling recursively for packages in '/home/pet/ROS2_study/urdf_study'
[0.234s] Level 1:colcon.colcon_core.package_identification:_identify(.) by extensions ['ignore', 'ignore_ament_install']
[0.234s] Level 1:colcon.colcon_core.package_identification:_identify(.) by extension 'ignore'
[0.234s] Level 1:colcon.colcon_core.package_identification:_identify(.) by extension 'ignore_ament_install'
[0.234s] Level 1:colcon.colcon_core.package_identification:_identify(.) by extensions ['colcon_pkg']
[0.234s] Level 1:colcon.colcon_core.package_identification:_identify(.) by extension 'colcon_pkg'
[0.235s] Level 1:colcon.colcon_core.package_identification:_identify(.) by extensions ['colcon_meta']
[0.235s] Level 1:colcon.colcon_core.package_identification:_identify(.) by extension 'colcon_meta'
[0.235s] Level 1:colcon.colcon_core.package_identification:_identify(.) by extensions ['ros']
[0.235s] Level 1:colcon.colcon_core.package_identification:_identify(.) by extension 'ros'
[0.244s] Level 1:colcon.colcon_core.package_identification:_identify(.) by extensions ['cmake', 'python']
[0.244s] Level 1:colcon.colcon_core.package_identification:_identify(.) by extension 'cmake'
[0.244s] Level 1:colcon.colcon_core.package_identification:_identify(.) by extension 'python'
[0.244s] Level 1:colcon.colcon_core.package_identification:_identify(.) by extensions ['python_setup_py']
[0.244s] Level 1:colcon.colcon_core.package_identification:_identify(.) by extension 'python_setup_py'
[0.244s] Level 1:colcon.colcon_core.package_identification:_identify(build) by extensions ['ignore', 'ignore_ament_install']
[0.244s] Level 1:colcon.colcon_core.package_identification:_identify(build) by extension 'ignore'
[0.244s] Level 1:colcon.colcon_core.package_identification:_identify(build) ignored
[0.244s] Level 1:colcon.colcon_core.package_identification:_identify(install) by extensions ['ignore', 'ignore_ament_install']
[0.244s] Level 1:colcon.colcon_core.package_identification:_identify(install) by extension 'ignore'
[0.244s] Level 1:colcon.colcon_core.package_identification:_identify(install) ignored
[0.244s] Level 1:colcon.colcon_core.package_identification:_identify(log) by extensions ['ignore', 'ignore_ament_install']
[0.244s] Level 1:colcon.colcon_core.package_identification:_identify(log) by extension 'ignore'
[0.244s] Level 1:colcon.colcon_core.package_identification:_identify(log) ignored
[0.244s] Level 1:colcon.colcon_core.package_identification:_identify(src) by extensions ['ignore', 'ignore_ament_install']
[0.244s] Level 1:colcon.colcon_core.package_identification:_identify(src) by extension 'ignore'
[0.244s] Level 1:colcon.colcon_core.package_identification:_identify(src) by extension 'ignore_ament_install'
[0.244s] Level 1:colcon.colcon_core.package_identification:_identify(src) by extensions ['colcon_pkg']
[0.245s] Level 1:colcon.colcon_core.package_identification:_identify(src) by extension 'colcon_pkg'
[0.245s] Level 1:colcon.colcon_core.package_identification:_identify(src) by extensions ['colcon_meta']
[0.245s] Level 1:colcon.colcon_core.package_identification:_identify(src) by extension 'colcon_meta'
[0.245s] Level 1:colcon.colcon_core.package_identification:_identify(src) by extensions ['ros']
[0.245s] Level 1:colcon.colcon_core.package_identification:_identify(src) by extension 'ros'
[0.245s] Level 1:colcon.colcon_core.package_identification:_identify(src) by extensions ['cmake', 'python']
[0.245s] Level 1:colcon.colcon_core.package_identification:_identify(src) by extension 'cmake'
[0.245s] Level 1:colcon.colcon_core.package_identification:_identify(src) by extension 'python'
[0.245s] Level 1:colcon.colcon_core.package_identification:_identify(src) by extensions ['python_setup_py']
[0.245s] Level 1:colcon.colcon_core.package_identification:_identify(src) by extension 'python_setup_py'
[0.245s] Level 1:colcon.colcon_core.package_identification:_identify(src/urdf_study) by extensions ['ignore', 'ignore_ament_install']
[0.245s] Level 1:colcon.colcon_core.package_identification:_identify(src/urdf_study) by extension 'ignore'
[0.245s] Level 1:colcon.colcon_core.package_identification:_identify(src/urdf_study) by extension 'ignore_ament_install'
[0.245s] Level 1:colcon.colcon_core.package_identification:_identify(src/urdf_study) by extensions ['colcon_pkg']
[0.245s] Level 1:colcon.colcon_core.package_identification:_identify(src/urdf_study) by extension 'colcon_pkg'
[0.245s] Level 1:colcon.colcon_core.package_identification:_identify(src/urdf_study) by extensions ['colcon_meta']
[0.245s] Level 1:colcon.colcon_core.package_identification:_identify(src/urdf_study) by extension 'colcon_meta'
[0.245s] Level 1:colcon.colcon_core.package_identification:_identify(src/urdf_study) by extensions ['ros']
[0.245s] Level 1:colcon.colcon_core.package_identification:_identify(src/urdf_study) by extension 'ros'
[0.246s] DEBUG:colcon.colcon_core.package_identification:Package 'src/urdf_study' with type 'ros.ament_cmake' and name 'urdf_study'
[0.246s] Level 1:colcon.colcon_core.package_discovery:discover_packages(recursive) using defaults
[0.247s] Level 1:colcon.colcon_core.package_discovery:discover_packages(ignore) discover
[0.247s] Level 1:colcon.colcon_core.package_discovery:discover_packages(ignore) using defaults
[0.247s] Level 1:colcon.colcon_core.package_discovery:discover_packages(path) discover
[0.247s] Level 1:colcon.colcon_core.package_discovery:discover_packages(path) using defaults
[0.264s] Level 1:colcon.colcon_core.package_discovery:discover_packages(prefix_path) check parameters
[0.264s] Level 1:colcon.colcon_core.package_discovery:discover_packages(prefix_path) discover
[0.267s] DEBUG:colcon.colcon_installed_package_information.package_discovery:Found 1 installed packages in /home/pet/ROS2_study/urdf_study/install
[0.268s] DEBUG:colcon.colcon_installed_package_information.package_discovery:Found 364 installed packages in /opt/ros/galactic
[0.270s] Level 1:colcon.colcon_core.package_discovery:discover_packages(prefix_path) using defaults
[0.316s] Level 5:colcon.colcon_core.verb:set package 'urdf_study' build argument 'cmake_args' from command line to 'None'
[0.316s] Level 5:colcon.colcon_core.verb:set package 'urdf_study' build argument 'cmake_target' from command line to 'None'
[0.316s] Level 5:colcon.colcon_core.verb:set package 'urdf_study' build argument 'cmake_target_skip_unavailable' from command line to 'False'
[0.316s] Level 5:colcon.colcon_core.verb:set package 'urdf_study' build argument 'cmake_clean_cache' from command line to 'False'
[0.316s] Level 5:colcon.colcon_core.verb:set package 'urdf_study' build argument 'cmake_clean_first' from command line to 'False'
[0.316s] Level 5:colcon.colcon_core.verb:set package 'urdf_study' build argument 'cmake_force_configure' from command line to 'False'
[0.316s] Level 5:colcon.colcon_core.verb:set package 'urdf_study' build argument 'ament_cmake_args' from command line to 'None'
[0.316s] Level 5:colcon.colcon_core.verb:set package 'urdf_study' build argument 'catkin_cmake_args' from command line to 'None'
[0.316s] Level 5:colcon.colcon_core.verb:set package 'urdf_study' build argument 'catkin_skip_building_tests' from command line to 'False'
[0.316s] DEBUG:colcon.colcon_core.verb:Building package 'urdf_study' with the following arguments: {'ament_cmake_args': None, 'build_base': '/home/pet/ROS2_study/urdf_study/build/urdf_study', 'catkin_cmake_args': None, 'catkin_skip_building_tests': False, 'cmake_args': None, 'cmake_clean_cache': False, 'cmake_clean_first': False, 'cmake_force_configure': False, 'cmake_target': None, 'cmake_target_skip_unavailable': False, 'install_base': '/home/pet/ROS2_study/urdf_study/install/urdf_study', 'merge_install': False, 'path': '/home/pet/ROS2_study/urdf_study/src/urdf_study', 'symlink_install': False, 'test_result_base': None}
[0.317s] INFO:colcon.colcon_core.executor:Executing jobs using 'parallel' executor
[0.322s] DEBUG:colcon.colcon_parallel_executor.executor.parallel:run_until_complete
[0.322s] INFO:colcon.colcon_ros.task.ament_cmake.build:Building ROS package in '/home/pet/ROS2_study/urdf_study/src/urdf_study' with build type 'ament_cmake'
[0.322s] INFO:colcon.colcon_cmake.task.cmake.build:Building CMake package in '/home/pet/ROS2_study/urdf_study/src/urdf_study'
[0.326s] INFO:colcon.colcon_core.plugin_system:Skipping extension 'colcon_core.shell.bat': Not used on non-Windows systems
[0.326s] INFO:colcon.colcon_core.shell:Skip shell extension 'powershell' for command environment: Not usable outside of PowerShell
[0.326s] DEBUG:colcon.colcon_core.shell:Skip shell extension 'dsv' for command environment
[0.336s] DEBUG:colcon.colcon_core.event_handler.log_command:Invoking command in '/home/pet/ROS2_study/urdf_study/build/urdf_study': CMAKE_PREFIX_PATH=${CMAKE_PREFIX_PATH}:/opt/ros/galactic /home/pet/.local/bin/cmake --build /home/pet/ROS2_study/urdf_study/build/urdf_study -- -j16 -l16
[0.391s] DEBUG:colcon.colcon_core.event_handler.log_command:Invoked command in '/home/pet/ROS2_study/urdf_study/build/urdf_study' returned '0': CMAKE_PREFIX_PATH=${CMAKE_PREFIX_PATH}:/opt/ros/galactic /home/pet/.local/bin/cmake --build /home/pet/ROS2_study/urdf_study/build/urdf_study -- -j16 -l16
[0.486s] DEBUG:colcon.colcon_core.event_handler.log_command:Invoking command in '/home/pet/ROS2_study/urdf_study/build/urdf_study': CMAKE_PREFIX_PATH=${CMAKE_PREFIX_PATH}:/opt/ros/galactic /home/pet/.local/bin/cmake --install /home/pet/ROS2_study/urdf_study/build/urdf_study
[0.527s] Level 1:colcon.colcon_core.environment:create_environment_scripts_only(urdf_study)
[0.530s] DEBUG:colcon.colcon_core.event_handler.log_command:Invoked command in '/home/pet/ROS2_study/urdf_study/build/urdf_study' returned '0': CMAKE_PREFIX_PATH=${CMAKE_PREFIX_PATH}:/opt/ros/galactic /home/pet/.local/bin/cmake --install /home/pet/ROS2_study/urdf_study/build/urdf_study
[0.539s] Level 1:colcon.colcon_core.environment:checking '/home/pet/ROS2_study/urdf_study/install/urdf_study' for CMake module files
[0.539s] Level 1:colcon.colcon_core.environment:checking '/home/pet/ROS2_study/urdf_study/install/urdf_study' for CMake config files
[0.540s] Level 1:colcon.colcon_core.shell:create_environment_hook('urdf_study', 'cmake_prefix_path')
[0.541s] INFO:colcon.colcon_core.shell:Creating environment hook '/home/pet/ROS2_study/urdf_study/install/urdf_study/share/urdf_study/hook/cmake_prefix_path.ps1'
[0.542s] INFO:colcon.colcon_core.shell:Creating environment descriptor '/home/pet/ROS2_study/urdf_study/install/urdf_study/share/urdf_study/hook/cmake_prefix_path.dsv'
[0.542s] INFO:colcon.colcon_core.shell:Creating environment hook '/home/pet/ROS2_study/urdf_study/install/urdf_study/share/urdf_study/hook/cmake_prefix_path.sh'
[0.543s] Level 1:colcon.colcon_core.environment:checking '/home/pet/ROS2_study/urdf_study/install/urdf_study/bin'
[0.543s] Level 1:colcon.colcon_core.environment:checking '/home/pet/ROS2_study/urdf_study/install/urdf_study/lib/pkgconfig/urdf_study.pc'
[0.543s] Level 1:colcon.colcon_core.environment:checking '/home/pet/ROS2_study/urdf_study/install/urdf_study/lib/python3.8/site-packages'
[0.543s] Level 1:colcon.colcon_core.environment:checking '/home/pet/ROS2_study/urdf_study/install/urdf_study/bin'
[0.545s] INFO:colcon.colcon_core.shell:Creating package script '/home/pet/ROS2_study/urdf_study/install/urdf_study/share/urdf_study/package.ps1'
[0.545s] INFO:colcon.colcon_core.shell:Creating package descriptor '/home/pet/ROS2_study/urdf_study/install/urdf_study/share/urdf_study/package.dsv'
[0.546s] INFO:colcon.colcon_core.shell:Creating package script '/home/pet/ROS2_study/urdf_study/install/urdf_study/share/urdf_study/package.sh'
[0.546s] INFO:colcon.colcon_core.shell:Creating package script '/home/pet/ROS2_study/urdf_study/install/urdf_study/share/urdf_study/package.bash'
[0.547s] INFO:colcon.colcon_core.shell:Creating package script '/home/pet/ROS2_study/urdf_study/install/urdf_study/share/urdf_study/package.zsh'
[0.547s] Level 1:colcon.colcon_core.environment:create_file_with_runtime_dependencies(/home/pet/ROS2_study/urdf_study/install/urdf_study/share/colcon-core/packages/urdf_study)
[0.608s] Level 1:colcon.colcon_core.environment:create_environment_scripts_only(urdf_study)
[0.614s] Level 1:colcon.colcon_core.environment:checking '/home/pet/ROS2_study/urdf_study/install/urdf_study' for CMake module files
[0.615s] Level 1:colcon.colcon_core.environment:checking '/home/pet/ROS2_study/urdf_study/install/urdf_study' for CMake config files
[0.615s] Level 1:colcon.colcon_core.shell:create_environment_hook('urdf_study', 'cmake_prefix_path')
[0.616s] INFO:colcon.colcon_core.shell:Creating environment hook '/home/pet/ROS2_study/urdf_study/install/urdf_study/share/urdf_study/hook/cmake_prefix_path.ps1'
[0.617s] INFO:colcon.colcon_core.shell:Creating environment descriptor '/home/pet/ROS2_study/urdf_study/install/urdf_study/share/urdf_study/hook/cmake_prefix_path.dsv'
[0.617s] INFO:colcon.colcon_core.shell:Creating environment hook '/home/pet/ROS2_study/urdf_study/install/urdf_study/share/urdf_study/hook/cmake_prefix_path.sh'
[0.617s] Level 1:colcon.colcon_core.environment:checking '/home/pet/ROS2_study/urdf_study/install/urdf_study/bin'
[0.618s] Level 1:colcon.colcon_core.environment:checking '/home/pet/ROS2_study/urdf_study/install/urdf_study/lib/pkgconfig/urdf_study.pc'
[0.618s] Level 1:colcon.colcon_core.environment:checking '/home/pet/ROS2_study/urdf_study/install/urdf_study/lib/python3.8/site-packages'
[0.618s] Level 1:colcon.colcon_core.environment:checking '/home/pet/ROS2_study/urdf_study/install/urdf_study/bin'
[0.620s] INFO:colcon.colcon_core.shell:Creating package script '/home/pet/ROS2_study/urdf_study/install/urdf_study/share/urdf_study/package.ps1'
[0.620s] INFO:colcon.colcon_core.shell:Creating package descriptor '/home/pet/ROS2_study/urdf_study/install/urdf_study/share/urdf_study/package.dsv'
[0.620s] INFO:colcon.colcon_core.shell:Creating package script '/home/pet/ROS2_study/urdf_study/install/urdf_study/share/urdf_study/package.sh'
[0.620s] INFO:colcon.colcon_core.shell:Creating package script '/home/pet/ROS2_study/urdf_study/install/urdf_study/share/urdf_study/package.bash'
[0.621s] INFO:colcon.colcon_core.shell:Creating package script '/home/pet/ROS2_study/urdf_study/install/urdf_study/share/urdf_study/package.zsh'
[0.621s] Level 1:colcon.colcon_core.environment:create_file_with_runtime_dependencies(/home/pet/ROS2_study/urdf_study/install/urdf_study/share/colcon-core/packages/urdf_study)
[0.621s] DEBUG:colcon.colcon_parallel_executor.executor.parallel:closing loop
[0.621s] DEBUG:colcon.colcon_parallel_executor.executor.parallel:loop closed
[0.621s] DEBUG:colcon.colcon_parallel_executor.executor.parallel:run_until_complete finished with '0'
[0.621s] DEBUG:colcon.colcon_core.event_reactor:joining thread
[0.628s] INFO:colcon.colcon_core.plugin_system:Skipping extension 'colcon_notification.desktop_notification.terminal_notifier': Not used on non-Darwin systems
[0.628s] INFO:colcon.colcon_core.plugin_system:Skipping extension 'colcon_notification.desktop_notification.win32': Not used on non-Windows systems
[0.628s] INFO:colcon.colcon_notification.desktop_notification:Sending desktop notification using 'notify2'
[0.651s] DEBUG:colcon.colcon_core.event_reactor:joined thread
[0.654s] INFO:colcon.colcon_core.shell:Creating prefix script '/home/pet/ROS2_study/urdf_study/install/local_setup.ps1'
[0.655s] INFO:colcon.colcon_core.shell:Creating prefix util module '/home/pet/ROS2_study/urdf_study/install/_local_setup_util_ps1.py'
[0.657s] INFO:colcon.colcon_core.shell:Creating prefix chain script '/home/pet/ROS2_study/urdf_study/install/setup.ps1'
[0.660s] INFO:colcon.colcon_core.shell:Creating prefix script '/home/pet/ROS2_study/urdf_study/install/local_setup.sh'
[0.661s] INFO:colcon.colcon_core.shell:Creating prefix util module '/home/pet/ROS2_study/urdf_study/install/_local_setup_util_sh.py'
[0.662s] INFO:colcon.colcon_core.shell:Creating prefix chain script '/home/pet/ROS2_study/urdf_study/install/setup.sh'
[0.664s] INFO:colcon.colcon_core.shell:Creating prefix script '/home/pet/ROS2_study/urdf_study/install/local_setup.bash'
[0.665s] INFO:colcon.colcon_core.shell:Creating prefix chain script '/home/pet/ROS2_study/urdf_study/install/setup.bash'
[0.667s] INFO:colcon.colcon_core.shell:Creating prefix script '/home/pet/ROS2_study/urdf_study/install/local_setup.zsh'
[0.667s] INFO:colcon.colcon_core.shell:Creating prefix chain script '/home/pet/ROS2_study/urdf_study/install/setup.zsh'
