-- The C compiler identification is GNU 9.4.0
-- The CXX compiler identification is GNU 9.4.0
-- Detecting C compiler ABI info
-- Detecting C compiler ABI info - done
-- Check for working C compiler: /usr/bin/cc - skipped
-- Detecting C compile features
-- Detecting C compile features - done
-- Detecting CXX compiler ABI info
-- Detecting CXX compiler ABI info - done
-- Check for working CXX compiler: /usr/bin/c++ - skipped
-- Detecting CXX compile features
-- Detecting CXX compile features - done
-- Found ament_cmake: 1.1.6 (/opt/ros/galactic/share/ament_cmake/cmake)
-- Found PythonInterp: /usr/bin/python3 (found suitable version "3.8.10", minimum required is "3") 
-- Using PYTHON_EXECUTABLE: /usr/bin/python3
-- Found ament_lint_auto: 0.10.7 (/opt/ros/galactic/share/ament_lint_auto/cmake)
-- Added test 'copyright' to check source files copyright and LICENSE
-- Added test 'lint_cmake' to check CMake code style
-- Added test 'xmllint' to check XML markup files
-- Configuring done (0.5s)
-- Generating done (0.0s)
-- Build files have been written to: /home/pet/ROS2_study/urdf_study/build/urdf_study
-- Install configuration: ""
-- Installing: /home/pet/ROS2_study/urdf_study/install/urdf_study/share/ament_index/resource_index/package_run_dependencies/urdf_study
-- Installing: /home/pet/ROS2_study/urdf_study/install/urdf_study/share/ament_index/resource_index/parent_prefix_path/urdf_study
-- Installing: /home/pet/ROS2_study/urdf_study/install/urdf_study/share/urdf_study/environment/ament_prefix_path.sh
-- Installing: /home/pet/ROS2_study/urdf_study/install/urdf_study/share/urdf_study/environment/ament_prefix_path.dsv
-- Installing: /home/pet/ROS2_study/urdf_study/install/urdf_study/share/urdf_study/environment/path.sh
-- Installing: /home/pet/ROS2_study/urdf_study/install/urdf_study/share/urdf_study/environment/path.dsv
-- Installing: /home/pet/ROS2_study/urdf_study/install/urdf_study/share/urdf_study/local_setup.bash
-- Installing: /home/pet/ROS2_study/urdf_study/install/urdf_study/share/urdf_study/local_setup.sh
-- Installing: /home/pet/ROS2_study/urdf_study/install/urdf_study/share/urdf_study/local_setup.zsh
-- Installing: /home/pet/ROS2_study/urdf_study/install/urdf_study/share/urdf_study/local_setup.dsv
-- Installing: /home/pet/ROS2_study/urdf_study/install/urdf_study/share/urdf_study/package.dsv
-- Installing: /home/pet/ROS2_study/urdf_study/install/urdf_study/share/ament_index/resource_index/packages/urdf_study
-- Installing: /home/pet/ROS2_study/urdf_study/install/urdf_study/share/urdf_study/cmake/urdf_studyConfig.cmake
-- Installing: /home/pet/ROS2_study/urdf_study/install/urdf_study/share/urdf_study/cmake/urdf_studyConfig-version.cmake
-- Installing: /home/pet/ROS2_study/urdf_study/install/urdf_study/share/urdf_study/package.xml
