[0.011s] Invoking command in '/home/pet/ROS2_study/urdf_study/build/urdf_study': CMAKE_PREFIX_PATH=/opt/ros/galactic /home/pet/.local/bin/cmake /home/pet/ROS2_study/urdf_study/src/urdf_study -DCMAKE_INSTALL_PREFIX=/home/pet/ROS2_study/urdf_study/install/urdf_study
[0.113s] -- The C compiler identification is GNU 9.4.0
[0.178s] -- The CXX compiler identification is GNU 9.4.0
[0.201s] -- Detecting C compiler ABI info
[0.286s] -- Detecting C compiler ABI info - done
[0.305s] -- Check for working C compiler: /usr/bin/cc - skipped
[0.306s] -- Detecting C compile features
[0.306s] -- Detecting C compile features - done
[0.314s] -- Detecting CXX compiler ABI info
[0.395s] -- Detecting CXX compiler ABI info - done
[0.406s] -- Check for working CXX compiler: /usr/bin/c++ - skipped
[0.407s] -- Detecting CXX compile features
[0.407s] -- Detecting CXX compile features - done
[0.409s] -- Found ament_cmake: 1.1.6 (/opt/ros/galactic/share/ament_cmake/cmake)
[0.411s] [33mCMake Warning (dev) at /opt/ros/galactic/share/ament_cmake_core/cmake/core/python.cmake:22 (find_package):
[0.411s]   Policy CMP0148 is not set: The FindPythonInterp and FindPythonLibs modules
[0.411s]   are removed.  Run "cmake --help-policy CMP0148" for policy details.  Use
[0.411s]   the cmake_policy command to set the policy and suppress this warning.
[0.411s] 
[0.411s] Call Stack (most recent call first):
[0.411s]   /opt/ros/galactic/share/ament_cmake_core/cmake/core/all.cmake:53 (include)
[0.411s]   /opt/ros/galactic/share/ament_cmake_core/cmake/ament_cmake_core-extras.cmake:17 (include)
[0.412s]   /opt/ros/galactic/share/ament_cmake_core/cmake/ament_cmake_coreConfig.cmake:41 (include)
[0.412s]   /opt/ros/galactic/share/ament_cmake/cmake/ament_cmake_export_dependencies-extras.cmake:15 (find_package)
[0.412s]   /opt/ros/galactic/share/ament_cmake/cmake/ament_cmakeConfig.cmake:41 (include)
[0.412s]   CMakeLists.txt:9 (find_package)
[0.412s] This warning is for project developers.  Use -Wno-dev to suppress it.
[0.412s] [0m
[0.432s] -- Found PythonInterp: /usr/bin/python3 (found suitable version "3.8.10", minimum required is "3") 
[0.433s] -- Using PYTHON_EXECUTABLE: /usr/bin/python3
[0.495s] -- Found ament_lint_auto: 0.10.7 (/opt/ros/galactic/share/ament_lint_auto/cmake)
[0.555s] -- Added test 'copyright' to check source files copyright and LICENSE
[0.556s] -- Added test 'lint_cmake' to check CMake code style
[0.557s] -- Added test 'xmllint' to check XML markup files
[0.558s] -- Configuring done (0.5s)
[0.559s] -- Generating done (0.0s)
[0.560s] -- Build files have been written to: /home/pet/ROS2_study/urdf_study/build/urdf_study
[0.569s] Invoked command in '/home/pet/ROS2_study/urdf_study/build/urdf_study' returned '0': CMAKE_PREFIX_PATH=/opt/ros/galactic /home/pet/.local/bin/cmake /home/pet/ROS2_study/urdf_study/src/urdf_study -DCMAKE_INSTALL_PREFIX=/home/pet/ROS2_study/urdf_study/install/urdf_study
[0.574s] Invoking command in '/home/pet/ROS2_study/urdf_study/build/urdf_study': CMAKE_PREFIX_PATH=/opt/ros/galactic /home/pet/.local/bin/cmake --build /home/pet/ROS2_study/urdf_study/build/urdf_study -- -j16 -l16
[0.628s] Invoked command in '/home/pet/ROS2_study/urdf_study/build/urdf_study' returned '0': CMAKE_PREFIX_PATH=/opt/ros/galactic /home/pet/.local/bin/cmake --build /home/pet/ROS2_study/urdf_study/build/urdf_study -- -j16 -l16
[0.725s] Invoking command in '/home/pet/ROS2_study/urdf_study/build/urdf_study': CMAKE_PREFIX_PATH=/opt/ros/galactic /home/pet/.local/bin/cmake --install /home/pet/ROS2_study/urdf_study/build/urdf_study
[0.756s] -- Install configuration: ""
[0.756s] -- Installing: /home/pet/ROS2_study/urdf_study/install/urdf_study/share/ament_index/resource_index/package_run_dependencies/urdf_study
[0.756s] -- Installing: /home/pet/ROS2_study/urdf_study/install/urdf_study/share/ament_index/resource_index/parent_prefix_path/urdf_study
[0.757s] -- Installing: /home/pet/ROS2_study/urdf_study/install/urdf_study/share/urdf_study/environment/ament_prefix_path.sh
[0.757s] -- Installing: /home/pet/ROS2_study/urdf_study/install/urdf_study/share/urdf_study/environment/ament_prefix_path.dsv
[0.757s] -- Installing: /home/pet/ROS2_study/urdf_study/install/urdf_study/share/urdf_study/environment/path.sh
[0.758s] -- Installing: /home/pet/ROS2_study/urdf_study/install/urdf_study/share/urdf_study/environment/path.dsv
[0.758s] -- Installing: /home/pet/ROS2_study/urdf_study/install/urdf_study/share/urdf_study/local_setup.bash
[0.758s] -- Installing: /home/pet/ROS2_study/urdf_study/install/urdf_study/share/urdf_study/local_setup.sh
[0.758s] -- Installing: /home/pet/ROS2_study/urdf_study/install/urdf_study/share/urdf_study/local_setup.zsh
[0.758s] -- Installing: /home/pet/ROS2_study/urdf_study/install/urdf_study/share/urdf_study/local_setup.dsv
[0.758s] -- Installing: /home/pet/ROS2_study/urdf_study/install/urdf_study/share/urdf_study/package.dsv
[0.758s] -- Installing: /home/pet/ROS2_study/urdf_study/install/urdf_study/share/ament_index/resource_index/packages/urdf_study
[0.758s] -- Installing: /home/pet/ROS2_study/urdf_study/install/urdf_study/share/urdf_study/cmake/urdf_studyConfig.cmake
[0.758s] -- Installing: /home/pet/ROS2_study/urdf_study/install/urdf_study/share/urdf_study/cmake/urdf_studyConfig-version.cmake
[0.758s] -- Installing: /home/pet/ROS2_study/urdf_study/install/urdf_study/share/urdf_study/package.xml
[0.765s] Invoked command in '/home/pet/ROS2_study/urdf_study/build/urdf_study' returned '0': CMAKE_PREFIX_PATH=/opt/ros/galactic /home/pet/.local/bin/cmake --install /home/pet/ROS2_study/urdf_study/build/urdf_study
