[0.012s] Invoking command in '/home/pet/ROS2_study/urdf_study/build/urdf_study': CMAKE_PREFIX_PATH=/opt/ros/galactic /home/pet/.local/bin/cmake --build /home/pet/ROS2_study/urdf_study/build/urdf_study -- -j16 -l16
[0.069s] Invoked command in '/home/pet/ROS2_study/urdf_study/build/urdf_study' returned '0': CMAKE_PREFIX_PATH=/opt/ros/galactic /home/pet/.local/bin/cmake --build /home/pet/ROS2_study/urdf_study/build/urdf_study -- -j16 -l16
[0.167s] Invoking command in '/home/pet/ROS2_study/urdf_study/build/urdf_study': CMAKE_PREFIX_PATH=/opt/ros/galactic /home/pet/.local/bin/cmake --install /home/pet/ROS2_study/urdf_study/build/urdf_study
[0.195s] -- Install configuration: ""
[0.196s] -- Up-to-date: /home/pet/ROS2_study/urdf_study/install/urdf_study/share/ament_index/resource_index/package_run_dependencies/urdf_study
[0.196s] -- Up-to-date: /home/pet/ROS2_study/urdf_study/install/urdf_study/share/ament_index/resource_index/parent_prefix_path/urdf_study
[0.196s] -- Up-to-date: /home/pet/ROS2_study/urdf_study/install/urdf_study/share/urdf_study/environment/ament_prefix_path.sh
[0.196s] -- Up-to-date: /home/pet/ROS2_study/urdf_study/install/urdf_study/share/urdf_study/environment/ament_prefix_path.dsv
[0.196s] -- Up-to-date: /home/pet/ROS2_study/urdf_study/install/urdf_study/share/urdf_study/environment/path.sh
[0.196s] -- Up-to-date: /home/pet/ROS2_study/urdf_study/install/urdf_study/share/urdf_study/environment/path.dsv
[0.197s] -- Up-to-date: /home/pet/ROS2_study/urdf_study/install/urdf_study/share/urdf_study/local_setup.bash
[0.197s] -- Up-to-date: /home/pet/ROS2_study/urdf_study/install/urdf_study/share/urdf_study/local_setup.sh
[0.197s] -- Up-to-date: /home/pet/ROS2_study/urdf_study/install/urdf_study/share/urdf_study/local_setup.zsh
[0.197s] -- Up-to-date: /home/pet/ROS2_study/urdf_study/install/urdf_study/share/urdf_study/local_setup.dsv
[0.197s] -- Up-to-date: /home/pet/ROS2_study/urdf_study/install/urdf_study/share/urdf_study/package.dsv
[0.197s] -- Up-to-date: /home/pet/ROS2_study/urdf_study/install/urdf_study/share/ament_index/resource_index/packages/urdf_study
[0.197s] -- Up-to-date: /home/pet/ROS2_study/urdf_study/install/urdf_study/share/urdf_study/cmake/urdf_studyConfig.cmake
[0.197s] -- Up-to-date: /home/pet/ROS2_study/urdf_study/install/urdf_study/share/urdf_study/cmake/urdf_studyConfig-version.cmake
[0.197s] -- Up-to-date: /home/pet/ROS2_study/urdf_study/install/urdf_study/share/urdf_study/package.xml
[0.207s] Invoked command in '/home/pet/ROS2_study/urdf_study/build/urdf_study' returned '0': CMAKE_PREFIX_PATH=/opt/ros/galactic /home/pet/.local/bin/cmake --install /home/pet/ROS2_study/urdf_study/build/urdf_study
