-- Install configuration: ""
-- Up-to-date: /home/pet/ROS2_study/urdf_study/install/urdf_study/share/urdf_study/launch
-- Up-to-date: /home/pet/ROS2_study/urdf_study/install/urdf_study/share/urdf_study/launch/simple_display.launch.py
-- Up-to-date: /home/pet/ROS2_study/urdf_study/install/urdf_study/share/urdf_study/urdf
-- Up-to-date: /home/pet/ROS2_study/urdf_study/install/urdf_study/share/urdf_study/urdf/myfirst.urdf
-- Installing: /home/pet/ROS2_study/urdf_study/install/urdf_study/share/urdf_study/rviz
-- Installing: /home/pet/ROS2_study/urdf_study/install/urdf_study/share/urdf_study/rviz/urdf.rviz
-- Up-to-date: /home/pet/ROS2_study/urdf_study/install/urdf_study/share/ament_index/resource_index/package_run_dependencies/urdf_study
-- Installing: /home/pet/ROS2_study/urdf_study/install/urdf_study/share/ament_index/resource_index/parent_prefix_path/urdf_study
-- Up-to-date: /home/pet/ROS2_study/urdf_study/install/urdf_study/share/urdf_study/environment/ament_prefix_path.sh
-- Installing: /home/pet/ROS2_study/urdf_study/install/urdf_study/share/urdf_study/environment/ament_prefix_path.dsv
-- Up-to-date: /home/pet/ROS2_study/urdf_study/install/urdf_study/share/urdf_study/environment/path.sh
-- Installing: /home/pet/ROS2_study/urdf_study/install/urdf_study/share/urdf_study/environment/path.dsv
-- Up-to-date: /home/pet/ROS2_study/urdf_study/install/urdf_study/share/urdf_study/local_setup.bash
-- Up-to-date: /home/pet/ROS2_study/urdf_study/install/urdf_study/share/urdf_study/local_setup.sh
-- Up-to-date: /home/pet/ROS2_study/urdf_study/install/urdf_study/share/urdf_study/local_setup.zsh
-- Installing: /home/pet/ROS2_study/urdf_study/install/urdf_study/share/urdf_study/local_setup.dsv
-- Up-to-date: /home/pet/ROS2_study/urdf_study/install/urdf_study/share/urdf_study/package.dsv
-- Up-to-date: /home/pet/ROS2_study/urdf_study/install/urdf_study/share/ament_index/resource_index/packages/urdf_study
-- Up-to-date: /home/pet/ROS2_study/urdf_study/install/urdf_study/share/urdf_study/cmake/urdf_studyConfig.cmake
-- Up-to-date: /home/pet/ROS2_study/urdf_study/install/urdf_study/share/urdf_study/cmake/urdf_studyConfig-version.cmake
-- Up-to-date: /home/pet/ROS2_study/urdf_study/install/urdf_study/share/urdf_study/package.xml
