[0.297s] DEBUG:colcon:Command line arguments: ['/usr/bin/colcon', 'list', '-p', '--base-paths', '/home/pet/ROS2_study/urdf_study']
[0.297s] DEBUG:colcon:Parsed command line arguments: Namespace(allow_overriding=[], base_paths=['/home/pet/ROS2_study/urdf_study'], build_base='build', ignore_user_meta=False, log_base=None, log_level=None, main=<bound method ListVerb.main of <colcon_package_information.verb.list.ListVerb object at 0x7ff62433d280>>, metas=['./colcon.meta'], names_only=False, packages_above=None, packages_above_and_dependencies=None, packages_above_depth=None, packages_end=None, packages_ignore=None, packages_ignore_regex=None, packages_select=None, packages_select_build_failed=False, packages_select_by_dep=None, packages_select_regex=None, packages_select_test_failures=False, packages_skip=None, packages_skip_build_finished=False, packages_skip_by_dep=None, packages_skip_regex=None, packages_skip_test_passed=False, packages_skip_up_to=None, packages_start=None, packages_up_to=None, packages_up_to_regex=None, paths=None, paths_only=True, topological_graph=False, topological_graph_density=False, topological_graph_dot=False, topological_graph_dot_cluster=False, topological_graph_dot_include_skipped=False, topological_graph_legend=False, topological_order=False, verb_extension=<colcon_package_information.verb.list.ListVerb object at 0x7ff62433d280>, verb_name='list', verb_parser=<colcon_defaults.argument_parser.defaults.DefaultArgumentsDecorator object at 0x7ff62434b3a0>)
[0.340s] Level 1:colcon.colcon_core.package_discovery:discover_packages(colcon_meta) check parameters
[0.340s] Level 1:colcon.colcon_core.package_discovery:discover_packages(recursive) check parameters
[0.340s] Level 1:colcon.colcon_core.package_discovery:discover_packages(ignore) check parameters
[0.340s] Level 1:colcon.colcon_core.package_discovery:discover_packages(path) check parameters
[0.340s] Level 1:colcon.colcon_core.package_discovery:discover_packages(recursive) discover
[0.340s] INFO:colcon.colcon_core.package_discovery:Crawling recursively for packages in '/home/pet/ROS2_study/urdf_study'
[0.340s] Level 1:colcon.colcon_core.package_identification:_identify(/home/pet/ROS2_study/urdf_study) by extensions ['ignore', 'ignore_ament_install']
[0.340s] Level 1:colcon.colcon_core.package_identification:_identify(/home/pet/ROS2_study/urdf_study) by extension 'ignore'
[0.340s] Level 1:colcon.colcon_core.package_identification:_identify(/home/pet/ROS2_study/urdf_study) by extension 'ignore_ament_install'
[0.340s] Level 1:colcon.colcon_core.package_identification:_identify(/home/pet/ROS2_study/urdf_study) by extensions ['colcon_pkg']
[0.340s] Level 1:colcon.colcon_core.package_identification:_identify(/home/pet/ROS2_study/urdf_study) by extension 'colcon_pkg'
[0.341s] Level 1:colcon.colcon_core.package_identification:_identify(/home/pet/ROS2_study/urdf_study) by extensions ['colcon_meta']
[0.341s] Level 1:colcon.colcon_core.package_identification:_identify(/home/pet/ROS2_study/urdf_study) by extension 'colcon_meta'
[0.341s] Level 1:colcon.colcon_core.package_identification:_identify(/home/pet/ROS2_study/urdf_study) by extensions ['ros']
[0.341s] Level 1:colcon.colcon_core.package_identification:_identify(/home/pet/ROS2_study/urdf_study) by extension 'ros'
[0.355s] Level 1:colcon.colcon_core.package_identification:_identify(/home/pet/ROS2_study/urdf_study) by extensions ['cmake', 'python']
[0.355s] Level 1:colcon.colcon_core.package_identification:_identify(/home/pet/ROS2_study/urdf_study) by extension 'cmake'
[0.355s] Level 1:colcon.colcon_core.package_identification:_identify(/home/pet/ROS2_study/urdf_study) by extension 'python'
[0.355s] Level 1:colcon.colcon_core.package_identification:_identify(/home/pet/ROS2_study/urdf_study) by extensions ['python_setup_py']
[0.355s] Level 1:colcon.colcon_core.package_identification:_identify(/home/pet/ROS2_study/urdf_study) by extension 'python_setup_py'
[0.355s] Level 1:colcon.colcon_core.package_identification:_identify(/home/pet/ROS2_study/urdf_study/build) by extensions ['ignore', 'ignore_ament_install']
[0.355s] Level 1:colcon.colcon_core.package_identification:_identify(/home/pet/ROS2_study/urdf_study/build) by extension 'ignore'
[0.355s] Level 1:colcon.colcon_core.package_identification:_identify(/home/pet/ROS2_study/urdf_study/build) ignored
[0.355s] Level 1:colcon.colcon_core.package_identification:_identify(/home/pet/ROS2_study/urdf_study/install) by extensions ['ignore', 'ignore_ament_install']
[0.356s] Level 1:colcon.colcon_core.package_identification:_identify(/home/pet/ROS2_study/urdf_study/install) by extension 'ignore'
[0.356s] Level 1:colcon.colcon_core.package_identification:_identify(/home/pet/ROS2_study/urdf_study/install) ignored
[0.356s] Level 1:colcon.colcon_core.package_identification:_identify(/home/pet/ROS2_study/urdf_study/log) by extensions ['ignore', 'ignore_ament_install']
[0.356s] Level 1:colcon.colcon_core.package_identification:_identify(/home/pet/ROS2_study/urdf_study/log) by extension 'ignore'
[0.356s] Level 1:colcon.colcon_core.package_identification:_identify(/home/pet/ROS2_study/urdf_study/log) ignored
[0.356s] Level 1:colcon.colcon_core.package_identification:_identify(/home/pet/ROS2_study/urdf_study/src) by extensions ['ignore', 'ignore_ament_install']
[0.356s] Level 1:colcon.colcon_core.package_identification:_identify(/home/pet/ROS2_study/urdf_study/src) by extension 'ignore'
[0.356s] Level 1:colcon.colcon_core.package_identification:_identify(/home/pet/ROS2_study/urdf_study/src) by extension 'ignore_ament_install'
[0.356s] Level 1:colcon.colcon_core.package_identification:_identify(/home/pet/ROS2_study/urdf_study/src) by extensions ['colcon_pkg']
[0.356s] Level 1:colcon.colcon_core.package_identification:_identify(/home/pet/ROS2_study/urdf_study/src) by extension 'colcon_pkg'
[0.356s] Level 1:colcon.colcon_core.package_identification:_identify(/home/pet/ROS2_study/urdf_study/src) by extensions ['colcon_meta']
[0.356s] Level 1:colcon.colcon_core.package_identification:_identify(/home/pet/ROS2_study/urdf_study/src) by extension 'colcon_meta'
[0.356s] Level 1:colcon.colcon_core.package_identification:_identify(/home/pet/ROS2_study/urdf_study/src) by extensions ['ros']
[0.356s] Level 1:colcon.colcon_core.package_identification:_identify(/home/pet/ROS2_study/urdf_study/src) by extension 'ros'
[0.356s] Level 1:colcon.colcon_core.package_identification:_identify(/home/pet/ROS2_study/urdf_study/src) by extensions ['cmake', 'python']
[0.356s] Level 1:colcon.colcon_core.package_identification:_identify(/home/pet/ROS2_study/urdf_study/src) by extension 'cmake'
[0.356s] Level 1:colcon.colcon_core.package_identification:_identify(/home/pet/ROS2_study/urdf_study/src) by extension 'python'
[0.356s] Level 1:colcon.colcon_core.package_identification:_identify(/home/pet/ROS2_study/urdf_study/src) by extensions ['python_setup_py']
[0.356s] Level 1:colcon.colcon_core.package_identification:_identify(/home/pet/ROS2_study/urdf_study/src) by extension 'python_setup_py'
[0.357s] Level 1:colcon.colcon_core.package_identification:_identify(/home/pet/ROS2_study/urdf_study/src/urdf_study) by extensions ['ignore', 'ignore_ament_install']
[0.357s] Level 1:colcon.colcon_core.package_identification:_identify(/home/pet/ROS2_study/urdf_study/src/urdf_study) by extension 'ignore'
[0.357s] Level 1:colcon.colcon_core.package_identification:_identify(/home/pet/ROS2_study/urdf_study/src/urdf_study) by extension 'ignore_ament_install'
[0.357s] Level 1:colcon.colcon_core.package_identification:_identify(/home/pet/ROS2_study/urdf_study/src/urdf_study) by extensions ['colcon_pkg']
[0.357s] Level 1:colcon.colcon_core.package_identification:_identify(/home/pet/ROS2_study/urdf_study/src/urdf_study) by extension 'colcon_pkg'
[0.357s] Level 1:colcon.colcon_core.package_identification:_identify(/home/pet/ROS2_study/urdf_study/src/urdf_study) by extensions ['colcon_meta']
[0.357s] Level 1:colcon.colcon_core.package_identification:_identify(/home/pet/ROS2_study/urdf_study/src/urdf_study) by extension 'colcon_meta'
[0.357s] Level 1:colcon.colcon_core.package_identification:_identify(/home/pet/ROS2_study/urdf_study/src/urdf_study) by extensions ['ros']
[0.357s] Level 1:colcon.colcon_core.package_identification:_identify(/home/pet/ROS2_study/urdf_study/src/urdf_study) by extension 'ros'
[0.360s] DEBUG:colcon.colcon_core.package_identification:Package '/home/pet/ROS2_study/urdf_study/src/urdf_study' with type 'ros.ament_cmake' and name 'urdf_study'
[0.360s] Level 1:colcon.colcon_core.package_discovery:discover_packages(recursive) using defaults
