[0.011s] Invoking command in '/home/pet/ROS2_study/urdf_study/build/urdf_study': CMAKE_PREFIX_PATH=/opt/ros/galactic /home/pet/.local/bin/cmake --build /home/pet/ROS2_study/urdf_study/build/urdf_study -- -j16 -l16
[0.062s] -- Found ament_cmake: 1.1.6 (/opt/ros/galactic/share/ament_cmake/cmake)
[0.063s] [33mCMake Warning (dev) at /opt/ros/galactic/share/ament_cmake_core/cmake/core/python.cmake:22 (find_package):
[0.063s]   Policy CMP0148 is not set: The FindPythonInterp and FindPythonLibs modules
[0.063s]   are removed.  Run "cmake --help-policy CMP0148" for policy details.  Use
[0.063s]   the cmake_policy command to set the policy and suppress this warning.
[0.063s] 
[0.063s] Call Stack (most recent call first):
[0.063s]   /opt/ros/galactic/share/ament_cmake_core/cmake/core/all.cmake:53 (include)
[0.063s]   /opt/ros/galactic/share/ament_cmake_core/cmake/ament_cmake_core-extras.cmake:17 (include)
[0.064s]   /opt/ros/galactic/share/ament_cmake_core/cmake/ament_cmake_coreConfig.cmake:41 (include)
[0.064s]   /opt/ros/galactic/share/ament_cmake/cmake/ament_cmake_export_dependencies-extras.cmake:15 (find_package)
[0.064s]   /opt/ros/galactic/share/ament_cmake/cmake/ament_cmakeConfig.cmake:41 (include)
[0.064s]   CMakeLists.txt:14 (find_package)
[0.064s] This warning is for project developers.  Use -Wno-dev to suppress it.
[0.064s] [0m
[0.084s] -- Using PYTHON_EXECUTABLE: /usr/bin/python3
[0.140s] -- Found ament_lint_auto: 0.10.7 (/opt/ros/galactic/share/ament_lint_auto/cmake)
[0.195s] -- Added test 'copyright' to check source files copyright and LICENSE
[0.196s] -- Added test 'flake8' to check Python code syntax and style conventions
[0.196s] -- Added test 'lint_cmake' to check CMake code style
[0.196s] -- Added test 'pep257' to check Python code against some of the style conventions in PEP 257
[0.197s] -- Added test 'xmllint' to check XML markup files
[0.197s] -- Configuring done (0.1s)
[0.199s] -- Generating done (0.0s)
[0.200s] -- Build files have been written to: /home/pet/ROS2_study/urdf_study/build/urdf_study
[0.215s] Invoked command in '/home/pet/ROS2_study/urdf_study/build/urdf_study' returned '0': CMAKE_PREFIX_PATH=/opt/ros/galactic /home/pet/.local/bin/cmake --build /home/pet/ROS2_study/urdf_study/build/urdf_study -- -j16 -l16
[0.319s] Invoking command in '/home/pet/ROS2_study/urdf_study/build/urdf_study': CMAKE_PREFIX_PATH=/opt/ros/galactic /home/pet/.local/bin/cmake --install /home/pet/ROS2_study/urdf_study/build/urdf_study
[0.352s] -- Install configuration: ""
[0.352s] -- Installing: /home/pet/ROS2_study/urdf_study/install/urdf_study/share/urdf_study/launch
[0.352s] -- Installing: /home/pet/ROS2_study/urdf_study/install/urdf_study/share/urdf_study/launch/simple_display.launch.py
[0.353s] -- Installing: /home/pet/ROS2_study/urdf_study/install/urdf_study/share/urdf_study/urdf
[0.353s] -- Installing: /home/pet/ROS2_study/urdf_study/install/urdf_study/share/urdf_study/urdf/myfirst.urdf
[0.353s] -- Up-to-date: /home/pet/ROS2_study/urdf_study/install/urdf_study/share/ament_index/resource_index/package_run_dependencies/urdf_study
[0.353s] -- Up-to-date: /home/pet/ROS2_study/urdf_study/install/urdf_study/share/ament_index/resource_index/parent_prefix_path/urdf_study
[0.354s] -- Up-to-date: /home/pet/ROS2_study/urdf_study/install/urdf_study/share/urdf_study/environment/ament_prefix_path.sh
[0.354s] -- Installing: /home/pet/ROS2_study/urdf_study/install/urdf_study/share/urdf_study/environment/ament_prefix_path.dsv
[0.354s] -- Up-to-date: /home/pet/ROS2_study/urdf_study/install/urdf_study/share/urdf_study/environment/path.sh
[0.354s] -- Installing: /home/pet/ROS2_study/urdf_study/install/urdf_study/share/urdf_study/environment/path.dsv
[0.354s] -- Up-to-date: /home/pet/ROS2_study/urdf_study/install/urdf_study/share/urdf_study/local_setup.bash
[0.354s] -- Up-to-date: /home/pet/ROS2_study/urdf_study/install/urdf_study/share/urdf_study/local_setup.sh
[0.354s] -- Up-to-date: /home/pet/ROS2_study/urdf_study/install/urdf_study/share/urdf_study/local_setup.zsh
[0.354s] -- Installing: /home/pet/ROS2_study/urdf_study/install/urdf_study/share/urdf_study/local_setup.dsv
[0.355s] -- Installing: /home/pet/ROS2_study/urdf_study/install/urdf_study/share/urdf_study/package.dsv
[0.355s] -- Up-to-date: /home/pet/ROS2_study/urdf_study/install/urdf_study/share/ament_index/resource_index/packages/urdf_study
[0.355s] -- Up-to-date: /home/pet/ROS2_study/urdf_study/install/urdf_study/share/urdf_study/cmake/urdf_studyConfig.cmake
[0.355s] -- Up-to-date: /home/pet/ROS2_study/urdf_study/install/urdf_study/share/urdf_study/cmake/urdf_studyConfig-version.cmake
[0.355s] -- Up-to-date: /home/pet/ROS2_study/urdf_study/install/urdf_study/share/urdf_study/package.xml
[0.364s] Invoked command in '/home/pet/ROS2_study/urdf_study/build/urdf_study' returned '0': CMAKE_PREFIX_PATH=/opt/ros/galactic /home/pet/.local/bin/cmake --install /home/pet/ROS2_study/urdf_study/build/urdf_study
